<?xml version="1.0" encoding="UTF-8"?>
<!-- Generated by org.testng.reporters.JUnitReportReporter -->
<testsuite hostname="SF-LAP-329" failures="0" tests="1" name="testcases.testloginfunctionality" time="2.521" errors="0" timestamp="2022-09-22T17:28:06 IST" skipped="0">
  <testcase classname="testcases.testloginfunctionality" name="login" time="2.521"/>
  <system-out/>
</testsuite> <!-- testcases.testloginfunctionality -->
